TN:
SF:script/DeployCreate3Factory.s.sol
FN:10,DeployCreate3Factory.run
FNDA:0,DeployCreate3Factory.run
DA:11,0
DA:12,0
DA:13,0
FNF:1
FNH:0
LF:3
LH:0
BRF:0
BRH:0
end_of_record
TN:
SF:script/DeployTransparentProxyFactory.s.sol
FN:8,Deploy.run
FNDA:0,Deploy.run
DA:9,0
DA:10,0
DA:11,0
FNF:1
FNH:0
LF:3
LH:0
BRF:0
BRH:0
end_of_record
TN:
SF:src/contracts/access-control/OwnableWithGuardian.sol
FN:10,OwnableWithGuardian.
FNDA:3,OwnableWithGuardian.
DA:11,3
FN:14,OwnableWithGuardian.onlyGuardian
FNDA:0,OwnableWithGuardian.onlyGuardian
DA:15,0
FN:19,OwnableWithGuardian.onlyOwnerOrGuardian
FNDA:6,OwnableWithGuardian.onlyOwnerOrGuardian
DA:20,6
FN:24,OwnableWithGuardian.guardian
FNDA:1,OwnableWithGuardian.guardian
DA:25,4
FN:29,OwnableWithGuardian.updateGuardian
FNDA:6,OwnableWithGuardian.updateGuardian
DA:30,3
FN:37,OwnableWithGuardian._updateGuardian
FNDA:6,OwnableWithGuardian._updateGuardian
DA:38,6
DA:39,6
DA:40,6
FN:43,OwnableWithGuardian._checkGuardian
FNDA:0,OwnableWithGuardian._checkGuardian
DA:44,0
BRDA:44,0,0,-
BRDA:44,0,1,-
FN:47,OwnableWithGuardian._checkOwnerOrGuardian
FNDA:6,OwnableWithGuardian._checkOwnerOrGuardian
DA:48,6
BRDA:48,1,0,3
BRDA:48,1,1,3
FNF:8
FNH:6
LF:10
LH:8
BRF:4
BRH:2
end_of_record
TN:
SF:src/contracts/access-control/UpgradeableOwnableWithGuardian.sol
FN:21,UpgradeableOwnableWithGuardian._getOwnableWithGuardianStorage
FNDA:21,UpgradeableOwnableWithGuardian._getOwnableWithGuardianStorage
DA:23,21
FN:40,UpgradeableOwnableWithGuardian.__Ownable_With_Guardian_init
FNDA:6,UpgradeableOwnableWithGuardian.__Ownable_With_Guardian_init
DA:41,6
FN:44,UpgradeableOwnableWithGuardian.onlyGuardian
FNDA:1,UpgradeableOwnableWithGuardian.onlyGuardian
DA:45,1
FN:49,UpgradeableOwnableWithGuardian.onlyOwnerOrGuardian
FNDA:1,UpgradeableOwnableWithGuardian.onlyOwnerOrGuardian
DA:50,1
FN:54,UpgradeableOwnableWithGuardian.guardian
FNDA:1,UpgradeableOwnableWithGuardian.guardian
DA:55,9
DA:56,9
FN:60,UpgradeableOwnableWithGuardian.updateGuardian
FNDA:9,UpgradeableOwnableWithGuardian.updateGuardian
DA:61,6
FN:68,UpgradeableOwnableWithGuardian._updateGuardian
FNDA:12,UpgradeableOwnableWithGuardian._updateGuardian
DA:69,12
DA:70,12
DA:71,12
DA:72,12
FN:75,UpgradeableOwnableWithGuardian._checkGuardian
FNDA:1,UpgradeableOwnableWithGuardian._checkGuardian
DA:76,1
BRDA:76,0,0,1
FN:79,UpgradeableOwnableWithGuardian._checkOwnerOrGuardian
FNDA:10,UpgradeableOwnableWithGuardian._checkOwnerOrGuardian
DA:80,10
DA:81,4
BRDA:81,1,0,4
FNF:9
FNH:9
LF:14
LH:14
BRF:2
BRH:2
end_of_record
TN:
SF:src/contracts/create3/Create3.sol
FN:50,Create3.codeSize
FNDA:12,Create3.codeSize
DA:52,12
FN:62,Create3.create3
FNDA:0,Create3.create3
DA:66,0
FN:76,Create3.create3
FNDA:6,Create3.create3
DA:82,6
DA:85,6
DA:86,6
BRDA:86,0,0,-
DA:89,6
DA:91,6
DA:98,6
BRDA:98,1,0,-
DA:101,6
DA:102,6
BRDA:102,2,0,-
DA:103,6
FN:112,Create3.addressOf
FNDA:12,Create3.addressOf
DA:113,12
FN:123,Create3.addressOfWithPreDeployedFactory
FNDA:15,Create3.addressOfWithPreDeployedFactory
DA:127,15
DA:142,15
FNF:5
FNH:4
LF:14
LH:13
BRF:3
BRH:0
end_of_record
TN:
SF:src/contracts/create3/Create3Factory.sol
FN:15,Create3Factory.create
FNDA:6,Create3Factory.create
DA:20,6
DA:21,6
FN:25,Create3Factory.predictAddress
FNDA:6,Create3Factory.predictAddress
DA:30,6
DA:31,6
FNF:2
FNH:2
LF:4
LH:4
BRF:0
BRH:0
end_of_record
TN:
SF:src/contracts/oz-common/Address.sol
FN:37,Address.isContract
FNDA:12,Address.isContract
DA:42,12
FN:61,Address.sendValue
FNDA:2,Address.sendValue
DA:62,2
BRDA:62,0,0,-
BRDA:62,0,1,2
DA:64,2
DA:65,2
BRDA:65,1,0,-
BRDA:65,1,1,2
FN:86,Address.functionCall
FNDA:5,Address.functionCall
DA:87,5
FN:96,Address.functionCall
FNDA:0,Address.functionCall
DA:101,0
FN:115,Address.functionCallWithValue
FNDA:0,Address.functionCallWithValue
DA:120,0
FN:129,Address.functionCallWithValue
FNDA:5,Address.functionCallWithValue
DA:135,5
BRDA:135,2,0,-
BRDA:135,2,1,5
DA:136,5
DA:137,5
FN:146,Address.functionStaticCall
FNDA:0,Address.functionStaticCall
DA:150,0
FN:159,Address.functionStaticCall
FNDA:0,Address.functionStaticCall
DA:164,0
DA:165,0
FN:174,Address.functionDelegateCall
FNDA:6,Address.functionDelegateCall
DA:175,6
FN:184,Address.functionDelegateCall
FNDA:6,Address.functionDelegateCall
DA:189,6
DA:190,6
FN:199,Address.verifyCallResultFromTarget
FNDA:11,Address.verifyCallResultFromTarget
DA:205,10
BRDA:205,3,0,10
BRDA:205,3,1,6
DA:206,10
BRDA:206,4,0,6
DA:209,6
BRDA:209,5,0,-
BRDA:209,5,1,6
DA:211,10
DA:213,1
FN:223,Address.verifyCallResult
FNDA:0,Address.verifyCallResult
DA:228,0
BRDA:228,6,0,-
BRDA:228,6,1,-
DA:229,0
DA:231,0
FN:235,Address._revert
FNDA:1,Address._revert
DA:237,1
BRDA:237,7,0,1
BRDA:237,7,1,-
DA:241,1
DA:242,1
DA:245,0
FNF:13
FNH:8
LF:28
LH:19
BRF:15
BRH:8
end_of_record
TN:
SF:src/contracts/oz-common/Context.sol
FN:18,Context._msgSender
FNDA:40,Context._msgSender
DA:19,40
FN:22,Context._msgData
FNDA:0,Context._msgData
DA:23,0
FNF:2
FNH:1
LF:2
LH:1
BRF:0
BRH:0
end_of_record
TN:
SF:src/contracts/oz-common/EnumerableSet.sol
FN:65,EnumerableSet._add
FNDA:0,EnumerableSet._add
DA:66,0
BRDA:66,0,0,-
BRDA:66,0,1,-
DA:67,0
DA:70,0
DA:71,0
DA:73,0
FN:83,EnumerableSet._remove
FNDA:0,EnumerableSet._remove
DA:85,0
DA:87,0
BRDA:87,1,0,-
BRDA:87,1,1,-
DA:93,0
DA:94,0
DA:96,0
BRDA:96,2,0,-
DA:97,0
DA:100,0
DA:102,0
DA:106,0
DA:109,0
DA:111,0
DA:113,0
FN:120,EnumerableSet._contains
FNDA:0,EnumerableSet._contains
DA:121,0
FN:127,EnumerableSet._length
FNDA:0,EnumerableSet._length
DA:128,0
FN:141,EnumerableSet._at
FNDA:0,EnumerableSet._at
DA:142,0
FN:153,EnumerableSet._values
FNDA:0,EnumerableSet._values
DA:154,0
FN:169,EnumerableSet.add
FNDA:0,EnumerableSet.add
DA:170,0
FN:179,EnumerableSet.remove
FNDA:0,EnumerableSet.remove
DA:180,0
FN:186,EnumerableSet.contains
FNDA:0,EnumerableSet.contains
DA:187,0
FN:193,EnumerableSet.length
FNDA:0,EnumerableSet.length
DA:194,0
FN:207,EnumerableSet.at
FNDA:0,EnumerableSet.at
DA:208,0
FN:219,EnumerableSet.values
FNDA:0,EnumerableSet.values
DA:220,0
DA:221,0
DA:225,0
DA:228,0
FN:243,EnumerableSet.add
FNDA:0,EnumerableSet.add
DA:244,0
FN:253,EnumerableSet.remove
FNDA:0,EnumerableSet.remove
DA:254,0
FN:260,EnumerableSet.contains
FNDA:0,EnumerableSet.contains
DA:261,0
FN:267,EnumerableSet.length
FNDA:0,EnumerableSet.length
DA:268,0
FN:281,EnumerableSet.at
FNDA:0,EnumerableSet.at
DA:282,0
FN:293,EnumerableSet.values
FNDA:0,EnumerableSet.values
DA:294,0
DA:295,0
DA:299,0
DA:302,0
FN:317,EnumerableSet.add
FNDA:0,EnumerableSet.add
DA:318,0
FN:327,EnumerableSet.remove
FNDA:0,EnumerableSet.remove
DA:328,0
FN:334,EnumerableSet.contains
FNDA:0,EnumerableSet.contains
DA:335,0
FN:341,EnumerableSet.length
FNDA:0,EnumerableSet.length
DA:342,0
FN:355,EnumerableSet.at
FNDA:0,EnumerableSet.at
DA:356,0
FN:367,EnumerableSet.values
FNDA:0,EnumerableSet.values
DA:368,0
DA:369,0
DA:373,0
DA:376,0
FNF:24
FNH:0
LF:48
LH:0
BRF:5
BRH:0
end_of_record
TN:
SF:src/contracts/oz-common/Ownable.sol
FN:29,Ownable.
FNDA:15,Ownable.
DA:30,15
FN:36,Ownable.onlyOwner
FNDA:0,Ownable.onlyOwner
DA:37,0
FN:44,Ownable.owner
FNDA:10,Ownable.owner
DA:45,22
FN:51,Ownable._checkOwner
FNDA:6,Ownable._checkOwner
DA:52,6
BRDA:52,0,0,-
BRDA:52,0,1,6
FN:62,Ownable.renounceOwnership
FNDA:0,Ownable.renounceOwnership
DA:63,0
FN:70,Ownable.transferOwnership
FNDA:6,Ownable.transferOwnership
DA:71,6
BRDA:71,1,0,-
BRDA:71,1,1,6
DA:72,6
FN:79,Ownable._transferOwnership
FNDA:27,Ownable._transferOwnership
DA:80,27
DA:81,27
DA:82,27
FNF:7
FNH:5
LF:10
LH:8
BRF:4
BRH:2
end_of_record
TN:
SF:src/contracts/oz-common/SafeCast.sol
FN:35,SafeCast.toUint248
FNDA:0,SafeCast.toUint248
DA:36,0
BRDA:36,0,0,-
BRDA:36,0,1,-
DA:37,0
FN:52,SafeCast.toUint240
FNDA:0,SafeCast.toUint240
DA:53,0
BRDA:53,1,0,-
BRDA:53,1,1,-
DA:54,0
FN:69,SafeCast.toUint232
FNDA:0,SafeCast.toUint232
DA:70,0
BRDA:70,2,0,-
BRDA:70,2,1,-
DA:71,0
FN:86,SafeCast.toUint224
FNDA:0,SafeCast.toUint224
DA:87,0
BRDA:87,3,0,-
BRDA:87,3,1,-
DA:88,0
FN:103,SafeCast.toUint216
FNDA:0,SafeCast.toUint216
DA:104,0
BRDA:104,4,0,-
BRDA:104,4,1,-
DA:105,0
FN:120,SafeCast.toUint208
FNDA:0,SafeCast.toUint208
DA:121,0
BRDA:121,5,0,-
BRDA:121,5,1,-
DA:122,0
FN:137,SafeCast.toUint200
FNDA:0,SafeCast.toUint200
DA:138,0
BRDA:138,6,0,-
BRDA:138,6,1,-
DA:139,0
FN:154,SafeCast.toUint192
FNDA:0,SafeCast.toUint192
DA:155,0
BRDA:155,7,0,-
BRDA:155,7,1,-
DA:156,0
FN:171,SafeCast.toUint184
FNDA:0,SafeCast.toUint184
DA:172,0
BRDA:172,8,0,-
BRDA:172,8,1,-
DA:173,0
FN:188,SafeCast.toUint176
FNDA:0,SafeCast.toUint176
DA:189,0
BRDA:189,9,0,-
BRDA:189,9,1,-
DA:190,0
FN:205,SafeCast.toUint168
FNDA:0,SafeCast.toUint168
DA:206,0
BRDA:206,10,0,-
BRDA:206,10,1,-
DA:207,0
FN:222,SafeCast.toUint160
FNDA:0,SafeCast.toUint160
DA:223,0
BRDA:223,11,0,-
BRDA:223,11,1,-
DA:224,0
FN:239,SafeCast.toUint152
FNDA:0,SafeCast.toUint152
DA:240,0
BRDA:240,12,0,-
BRDA:240,12,1,-
DA:241,0
FN:256,SafeCast.toUint144
FNDA:0,SafeCast.toUint144
DA:257,0
BRDA:257,13,0,-
BRDA:257,13,1,-
DA:258,0
FN:273,SafeCast.toUint136
FNDA:0,SafeCast.toUint136
DA:274,0
BRDA:274,14,0,-
BRDA:274,14,1,-
DA:275,0
FN:290,SafeCast.toUint128
FNDA:0,SafeCast.toUint128
DA:291,0
BRDA:291,15,0,-
BRDA:291,15,1,-
DA:292,0
FN:307,SafeCast.toUint120
FNDA:0,SafeCast.toUint120
DA:308,0
BRDA:308,16,0,-
BRDA:308,16,1,-
DA:309,0
FN:324,SafeCast.toUint112
FNDA:0,SafeCast.toUint112
DA:325,0
BRDA:325,17,0,-
BRDA:325,17,1,-
DA:326,0
FN:341,SafeCast.toUint104
FNDA:0,SafeCast.toUint104
DA:342,0
BRDA:342,18,0,-
BRDA:342,18,1,-
DA:343,0
FN:358,SafeCast.toUint96
FNDA:0,SafeCast.toUint96
DA:359,0
BRDA:359,19,0,-
BRDA:359,19,1,-
DA:360,0
FN:375,SafeCast.toUint88
FNDA:0,SafeCast.toUint88
DA:376,0
BRDA:376,20,0,-
BRDA:376,20,1,-
DA:377,0
FN:392,SafeCast.toUint80
FNDA:0,SafeCast.toUint80
DA:393,0
BRDA:393,21,0,-
BRDA:393,21,1,-
DA:394,0
FN:409,SafeCast.toUint72
FNDA:0,SafeCast.toUint72
DA:410,0
BRDA:410,22,0,-
BRDA:410,22,1,-
DA:411,0
FN:426,SafeCast.toUint64
FNDA:0,SafeCast.toUint64
DA:427,0
BRDA:427,23,0,-
BRDA:427,23,1,-
DA:428,0
FN:443,SafeCast.toUint56
FNDA:0,SafeCast.toUint56
DA:444,0
BRDA:444,24,0,-
BRDA:444,24,1,-
DA:445,0
FN:460,SafeCast.toUint48
FNDA:0,SafeCast.toUint48
DA:461,0
BRDA:461,25,0,-
BRDA:461,25,1,-
DA:462,0
FN:477,SafeCast.toUint40
FNDA:0,SafeCast.toUint40
DA:478,0
BRDA:478,26,0,-
BRDA:478,26,1,-
DA:479,0
FN:494,SafeCast.toUint32
FNDA:0,SafeCast.toUint32
DA:495,0
BRDA:495,27,0,-
BRDA:495,27,1,-
DA:496,0
FN:511,SafeCast.toUint24
FNDA:0,SafeCast.toUint24
DA:512,0
BRDA:512,28,0,-
BRDA:512,28,1,-
DA:513,0
FN:528,SafeCast.toUint16
FNDA:0,SafeCast.toUint16
DA:529,0
BRDA:529,29,0,-
BRDA:529,29,1,-
DA:530,0
FN:545,SafeCast.toUint8
FNDA:0,SafeCast.toUint8
DA:546,0
BRDA:546,30,0,-
BRDA:546,30,1,-
DA:547,0
FN:559,SafeCast.toUint256
FNDA:0,SafeCast.toUint256
DA:560,0
BRDA:560,31,0,-
BRDA:560,31,1,-
DA:561,0
FN:577,SafeCast.toInt248
FNDA:0,SafeCast.toInt248
DA:578,0
DA:579,0
BRDA:579,32,0,-
BRDA:579,32,1,-
FN:595,SafeCast.toInt240
FNDA:0,SafeCast.toInt240
DA:596,0
DA:597,0
BRDA:597,33,0,-
BRDA:597,33,1,-
FN:613,SafeCast.toInt232
FNDA:0,SafeCast.toInt232
DA:614,0
DA:615,0
BRDA:615,34,0,-
BRDA:615,34,1,-
FN:631,SafeCast.toInt224
FNDA:0,SafeCast.toInt224
DA:632,0
DA:633,0
BRDA:633,35,0,-
BRDA:633,35,1,-
FN:649,SafeCast.toInt216
FNDA:0,SafeCast.toInt216
DA:650,0
DA:651,0
BRDA:651,36,0,-
BRDA:651,36,1,-
FN:667,SafeCast.toInt208
FNDA:0,SafeCast.toInt208
DA:668,0
DA:669,0
BRDA:669,37,0,-
BRDA:669,37,1,-
FN:685,SafeCast.toInt200
FNDA:0,SafeCast.toInt200
DA:686,0
DA:687,0
BRDA:687,38,0,-
BRDA:687,38,1,-
FN:703,SafeCast.toInt192
FNDA:0,SafeCast.toInt192
DA:704,0
DA:705,0
BRDA:705,39,0,-
BRDA:705,39,1,-
FN:721,SafeCast.toInt184
FNDA:0,SafeCast.toInt184
DA:722,0
DA:723,0
BRDA:723,40,0,-
BRDA:723,40,1,-
FN:739,SafeCast.toInt176
FNDA:0,SafeCast.toInt176
DA:740,0
DA:741,0
BRDA:741,41,0,-
BRDA:741,41,1,-
FN:757,SafeCast.toInt168
FNDA:0,SafeCast.toInt168
DA:758,0
DA:759,0
BRDA:759,42,0,-
BRDA:759,42,1,-
FN:775,SafeCast.toInt160
FNDA:0,SafeCast.toInt160
DA:776,0
DA:777,0
BRDA:777,43,0,-
BRDA:777,43,1,-
FN:793,SafeCast.toInt152
FNDA:0,SafeCast.toInt152
DA:794,0
DA:795,0
BRDA:795,44,0,-
BRDA:795,44,1,-
FN:811,SafeCast.toInt144
FNDA:0,SafeCast.toInt144
DA:812,0
DA:813,0
BRDA:813,45,0,-
BRDA:813,45,1,-
FN:829,SafeCast.toInt136
FNDA:0,SafeCast.toInt136
DA:830,0
DA:831,0
BRDA:831,46,0,-
BRDA:831,46,1,-
FN:847,SafeCast.toInt128
FNDA:0,SafeCast.toInt128
DA:848,0
DA:849,0
BRDA:849,47,0,-
BRDA:849,47,1,-
FN:865,SafeCast.toInt120
FNDA:0,SafeCast.toInt120
DA:866,0
DA:867,0
BRDA:867,48,0,-
BRDA:867,48,1,-
FN:883,SafeCast.toInt112
FNDA:0,SafeCast.toInt112
DA:884,0
DA:885,0
BRDA:885,49,0,-
BRDA:885,49,1,-
FN:901,SafeCast.toInt104
FNDA:0,SafeCast.toInt104
DA:902,0
DA:903,0
BRDA:903,50,0,-
BRDA:903,50,1,-
FN:919,SafeCast.toInt96
FNDA:0,SafeCast.toInt96
DA:920,0
DA:921,0
BRDA:921,51,0,-
BRDA:921,51,1,-
FN:937,SafeCast.toInt88
FNDA:0,SafeCast.toInt88
DA:938,0
DA:939,0
BRDA:939,52,0,-
BRDA:939,52,1,-
FN:955,SafeCast.toInt80
FNDA:0,SafeCast.toInt80
DA:956,0
DA:957,0
BRDA:957,53,0,-
BRDA:957,53,1,-
FN:973,SafeCast.toInt72
FNDA:0,SafeCast.toInt72
DA:974,0
DA:975,0
BRDA:975,54,0,-
BRDA:975,54,1,-
FN:991,SafeCast.toInt64
FNDA:0,SafeCast.toInt64
DA:992,0
DA:993,0
BRDA:993,55,0,-
BRDA:993,55,1,-
FN:1009,SafeCast.toInt56
FNDA:0,SafeCast.toInt56
DA:1010,0
DA:1011,0
BRDA:1011,56,0,-
BRDA:1011,56,1,-
FN:1027,SafeCast.toInt48
FNDA:0,SafeCast.toInt48
DA:1028,0
DA:1029,0
BRDA:1029,57,0,-
BRDA:1029,57,1,-
FN:1045,SafeCast.toInt40
FNDA:0,SafeCast.toInt40
DA:1046,0
DA:1047,0
BRDA:1047,58,0,-
BRDA:1047,58,1,-
FN:1063,SafeCast.toInt32
FNDA:0,SafeCast.toInt32
DA:1064,0
DA:1065,0
BRDA:1065,59,0,-
BRDA:1065,59,1,-
FN:1081,SafeCast.toInt24
FNDA:0,SafeCast.toInt24
DA:1082,0
DA:1083,0
BRDA:1083,60,0,-
BRDA:1083,60,1,-
FN:1099,SafeCast.toInt16
FNDA:0,SafeCast.toInt16
DA:1100,0
DA:1101,0
BRDA:1101,61,0,-
BRDA:1101,61,1,-
FN:1117,SafeCast.toInt8
FNDA:0,SafeCast.toInt8
DA:1118,0
DA:1119,0
BRDA:1119,62,0,-
BRDA:1119,62,1,-
FN:1131,SafeCast.toInt256
FNDA:0,SafeCast.toInt256
DA:1133,0
BRDA:1133,63,0,-
BRDA:1133,63,1,-
DA:1134,0
FNF:64
FNH:0
LF:128
LH:0
BRF:128
BRH:0
end_of_record
TN:
SF:src/contracts/oz-common/SafeERC20.sol
FN:37,SafeERC20.safeTransfer
FNDA:5,SafeERC20.safeTransfer
DA:38,5
FN:45,SafeERC20.safeTransferFrom
FNDA:0,SafeERC20.safeTransferFrom
DA:46,0
FN:53,SafeERC20.safeIncreaseAllowance
FNDA:0,SafeERC20.safeIncreaseAllowance
DA:54,0
DA:55,0
FN:62,SafeERC20.safeDecreaseAllowance
FNDA:0,SafeERC20.safeDecreaseAllowance
DA:64,0
DA:65,0
BRDA:65,0,0,-
DA:66,0
DA:68,0
FN:77,SafeERC20.forceApprove
FNDA:0,SafeERC20.forceApprove
DA:78,0
DA:80,0
BRDA:80,1,0,-
DA:81,0
DA:82,0
FN:90,SafeERC20.safePermit
FNDA:0,SafeERC20.safePermit
DA:100,0
DA:101,0
DA:102,0
DA:103,0
BRDA:103,2,0,-
DA:104,0
FN:114,SafeERC20._callOptionalReturn
FNDA:5,SafeERC20._callOptionalReturn
DA:119,5
DA:120,4
BRDA:120,3,0,-
DA:121,0
FN:133,SafeERC20._callOptionalReturnBool
FNDA:0,SafeERC20._callOptionalReturnBool
DA:138,0
DA:139,0
FNF:8
FNH:2
LF:22
LH:3
BRF:4
BRH:0
end_of_record
TN:
SF:src/contracts/oz-common/StorageSlot.sol
FN:53,StorageSlot.getAddressSlot
FNDA:30,StorageSlot.getAddressSlot
DA:56,30
FN:63,StorageSlot.getBooleanSlot
FNDA:0,StorageSlot.getBooleanSlot
DA:66,0
FN:73,StorageSlot.getBytes32Slot
FNDA:0,StorageSlot.getBytes32Slot
DA:76,0
FN:83,StorageSlot.getUint256Slot
FNDA:0,StorageSlot.getUint256Slot
DA:86,0
FNF:4
FNH:1
LF:4
LH:1
BRF:0
BRH:0
end_of_record
TN:
SF:src/contracts/transparent-proxy/ERC1967Proxy.sol
FN:28,ERC1967Proxy.
FNDA:6,ERC1967Proxy.
DA:29,6
FN:35,ERC1967Proxy._implementation
FNDA:6,ERC1967Proxy._implementation
DA:36,6
FNF:2
FNH:2
LF:2
LH:2
BRF:0
BRH:0
end_of_record
TN:
SF:src/contracts/transparent-proxy/ERC1967Upgrade.sol
FN:57,ERC1967Upgrade._getImplementation
FNDA:6,ERC1967Upgrade._getImplementation
DA:58,6
FN:64,ERC1967Upgrade._setImplementation
FNDA:6,ERC1967Upgrade._setImplementation
DA:65,6
BRDA:65,0,0,-
BRDA:65,0,1,6
DA:66,6
FN:74,ERC1967Upgrade._upgradeTo
FNDA:6,ERC1967Upgrade._upgradeTo
DA:75,6
DA:76,6
FN:84,ERC1967Upgrade._upgradeToAndCall
FNDA:6,ERC1967Upgrade._upgradeToAndCall
DA:89,6
DA:90,6
BRDA:90,1,0,6
DA:91,6
FN:98,ERC1967Upgrade._getAdmin
FNDA:12,ERC1967Upgrade._getAdmin
DA:99,12
FN:105,ERC1967Upgrade._setAdmin
FNDA:6,ERC1967Upgrade._setAdmin
DA:106,6
BRDA:106,2,0,-
BRDA:106,2,1,6
DA:107,6
FN:115,ERC1967Upgrade._changeAdmin
FNDA:6,ERC1967Upgrade._changeAdmin
DA:116,6
DA:117,6
FNF:7
FNH:7
LF:13
LH:13
BRF:5
BRH:3
end_of_record
TN:
SF:src/contracts/transparent-proxy/Initializable.sol
FN:85,Initializable.
FNDA:4,Initializable.
DA:86,4
FN:93,Initializable.initializer
FNDA:6,Initializable.initializer
DA:94,6
DA:95,6
BRDA:95,0,0,-
BRDA:95,0,1,6
DA:100,6
DA:101,6
BRDA:101,1,0,6
DA:102,6
DA:105,6
BRDA:105,2,0,6
DA:106,6
DA:107,6
FN:123,Initializable.reinitializer
FNDA:0,Initializable.reinitializer
DA:124,0
BRDA:124,3,0,-
BRDA:124,3,1,-
DA:128,0
DA:129,0
DA:131,0
DA:132,0
FN:139,Initializable.onlyInitializing
FNDA:0,Initializable.onlyInitializing
DA:140,0
BRDA:140,4,0,-
BRDA:140,4,1,-
FN:150,Initializable._disableInitializers
FNDA:4,Initializable._disableInitializers
DA:151,4
BRDA:151,5,0,-
BRDA:151,5,1,4
DA:152,4
BRDA:152,6,0,4
DA:153,4
DA:154,4
FNF:5
FNH:3
LF:19
LH:13
BRF:11
BRH:5
end_of_record
TN:
SF:src/contracts/transparent-proxy/Proxy.sol
FN:28,Proxy._delegate
FNDA:6,Proxy._delegate
DA:33,6
DA:37,6
DA:40,6
DA:44,6
DA:45,0
DA:47,6
DA:48,6
FN:64,Proxy._fallback
FNDA:6,Proxy._fallback
DA:65,6
DA:66,6
FN:73,Proxy.
FNDA:6,Proxy.
DA:74,6
FN:91,Proxy._beforeFallback
FNDA:6,Proxy._beforeFallback
FNF:4
FNH:4
LF:10
LH:9
BRF:0
BRH:0
end_of_record
TN:
SF:src/contracts/transparent-proxy/ProxyAdmin.sol
FN:28,ProxyAdmin.getProxyImplementation
FNDA:0,ProxyAdmin.getProxyImplementation
DA:33,0
DA:34,0
BRDA:34,0,0,-
BRDA:34,0,1,-
DA:35,0
FN:45,ProxyAdmin.getProxyAdmin
FNDA:0,ProxyAdmin.getProxyAdmin
DA:48,0
DA:49,0
BRDA:49,1,0,-
BRDA:49,1,1,-
DA:50,0
FN:60,ProxyAdmin.changeProxyAdmin
FNDA:0,ProxyAdmin.changeProxyAdmin
DA:64,0
FN:74,ProxyAdmin.upgrade
FNDA:0,ProxyAdmin.upgrade
DA:78,0
FN:89,ProxyAdmin.upgradeAndCall
FNDA:0,ProxyAdmin.upgradeAndCall
DA:94,0
FNF:5
FNH:0
LF:9
LH:0
BRF:4
BRH:0
end_of_record
TN:
SF:src/contracts/transparent-proxy/TransparentProxyFactory.sol
FN:15,TransparentProxyFactory._predictCreate2Address
FNDA:12,TransparentProxyFactory._predictCreate2Address
DA:21,12
DA:30,12
FNF:1
FNH:1
LF:2
LH:2
BRF:0
BRH:0
end_of_record
TN:
SF:src/contracts/transparent-proxy/TransparentProxyFactoryBase.sol
FN:19,TransparentProxyFactoryBase.create
FNDA:0,TransparentProxyFactoryBase.create
DA:24,0
DA:26,0
DA:27,0
FN:31,TransparentProxyFactoryBase.createProxyAdmin
FNDA:0,TransparentProxyFactoryBase.createProxyAdmin
DA:32,0
DA:33,0
DA:35,0
DA:36,0
FN:40,TransparentProxyFactoryBase.createDeterministic
FNDA:6,TransparentProxyFactoryBase.createDeterministic
DA:46,6
DA:48,6
DA:49,6
FN:53,TransparentProxyFactoryBase.createDeterministicProxyAdmin
FNDA:6,TransparentProxyFactoryBase.createDeterministicProxyAdmin
DA:57,6
DA:58,6
DA:60,6
DA:61,6
FN:65,TransparentProxyFactoryBase.predictCreateDeterministic
FNDA:6,TransparentProxyFactoryBase.predictCreateDeterministic
DA:71,6
DA:72,6
FN:81,TransparentProxyFactoryBase.predictCreateDeterministicProxyAdmin
FNDA:6,TransparentProxyFactoryBase.predictCreateDeterministicProxyAdmin
DA:82,6
FNF:6
FNH:4
LF:17
LH:10
BRF:0
BRH:0
end_of_record
TN:
SF:src/contracts/transparent-proxy/TransparentUpgradeableProxy.sol
FN:41,TransparentUpgradeableProxy.
FNDA:6,TransparentUpgradeableProxy.
DA:46,6
FN:52,TransparentUpgradeableProxy.ifAdmin
FNDA:0,TransparentUpgradeableProxy.ifAdmin
DA:53,0
BRDA:53,0,0,-
BRDA:53,0,1,-
DA:56,0
FN:69,TransparentUpgradeableProxy.admin
FNDA:0,TransparentUpgradeableProxy.admin
DA:70,0
FN:82,TransparentUpgradeableProxy.implementation
FNDA:0,TransparentUpgradeableProxy.implementation
DA:83,0
FN:93,TransparentUpgradeableProxy.changeAdmin
FNDA:0,TransparentUpgradeableProxy.changeAdmin
DA:94,0
FN:102,TransparentUpgradeableProxy.upgradeTo
FNDA:0,TransparentUpgradeableProxy.upgradeTo
DA:103,0
FN:113,TransparentUpgradeableProxy.upgradeToAndCall
FNDA:0,TransparentUpgradeableProxy.upgradeToAndCall
DA:117,0
FN:123,TransparentUpgradeableProxy._admin
FNDA:0,TransparentUpgradeableProxy._admin
DA:124,0
FN:130,TransparentUpgradeableProxy._beforeFallback
FNDA:6,TransparentUpgradeableProxy._beforeFallback
DA:131,6
BRDA:131,1,0,-
BRDA:131,1,1,6
DA:135,6
FNF:9
FNH:2
LF:11
LH:3
BRF:4
BRH:1
end_of_record
TN:
SF:src/contracts/utils/ChainHelpers.sol
FN:46,ChainHelpers.selectChain
FNDA:1,ChainHelpers.selectChain
DA:47,1
DA:48,0
DA:49,0
DA:50,0
BRDA:50,1,0,-
BRDA:50,1,1,-
DA:51,0
DA:52,0
BRDA:52,2,0,-
BRDA:52,2,1,-
DA:53,0
DA:54,0
BRDA:54,3,0,-
BRDA:54,3,1,-
DA:55,0
DA:56,0
BRDA:56,4,0,-
BRDA:56,4,1,-
DA:57,0
DA:58,0
BRDA:58,5,0,-
BRDA:58,5,1,-
DA:59,0
DA:60,0
BRDA:60,6,0,-
BRDA:60,6,1,-
DA:61,0
DA:62,0
BRDA:62,7,0,-
BRDA:62,7,1,-
DA:63,0
DA:64,0
BRDA:64,8,0,-
BRDA:64,8,1,-
DA:65,0
DA:66,0
BRDA:66,9,0,-
BRDA:66,9,1,-
DA:67,0
DA:68,0
BRDA:68,10,0,-
BRDA:68,10,1,-
DA:69,0
DA:70,0
BRDA:70,11,0,-
BRDA:70,11,1,-
DA:71,0
DA:72,0
BRDA:72,12,0,-
BRDA:72,12,1,-
DA:73,0
DA:74,0
BRDA:74,13,0,-
BRDA:74,13,1,-
DA:75,0
DA:76,0
BRDA:76,14,0,-
BRDA:76,14,1,-
DA:77,0
DA:78,0
BRDA:78,15,0,-
BRDA:78,15,1,-
DA:79,0
DA:80,0
BRDA:80,16,0,-
BRDA:80,16,1,-
DA:81,0
DA:83,0
DA:85,0
FN:88,ChainHelpers.getNetworkNameFromId
FNDA:0,ChainHelpers.getNetworkNameFromId
DA:89,0
DA:90,0
BRDA:90,17,0,-
BRDA:90,17,1,-
DA:91,0
DA:92,0
BRDA:92,18,0,-
BRDA:92,18,1,-
DA:93,0
DA:94,0
BRDA:94,19,0,-
BRDA:94,19,1,-
DA:95,0
DA:96,0
BRDA:96,20,0,-
BRDA:96,20,1,-
DA:97,0
DA:98,0
BRDA:98,21,0,-
BRDA:98,21,1,-
DA:99,0
DA:100,0
BRDA:100,22,0,-
BRDA:100,22,1,-
DA:101,0
DA:102,0
BRDA:102,23,0,-
BRDA:102,23,1,-
DA:103,0
DA:104,0
BRDA:104,24,0,-
BRDA:104,24,1,-
DA:105,0
DA:106,0
BRDA:106,25,0,-
BRDA:106,25,1,-
DA:107,0
DA:108,0
BRDA:108,26,0,-
BRDA:108,26,1,-
DA:109,0
DA:110,0
BRDA:110,27,0,-
BRDA:110,27,1,-
DA:111,0
DA:112,0
BRDA:112,28,0,-
BRDA:112,28,1,-
DA:113,0
DA:114,0
BRDA:114,29,0,-
BRDA:114,29,1,-
DA:115,0
DA:118,0
BRDA:118,30,0,-
BRDA:118,30,1,-
DA:119,0
DA:120,0
BRDA:120,31,0,-
BRDA:120,31,1,-
DA:121,0
DA:122,0
BRDA:122,32,0,-
BRDA:122,32,1,-
DA:123,0
DA:124,0
BRDA:124,33,0,-
BRDA:124,33,1,-
DA:125,0
DA:126,0
BRDA:126,34,0,-
BRDA:126,34,1,-
DA:127,0
DA:128,0
BRDA:128,35,0,-
BRDA:128,35,1,-
DA:129,0
DA:130,0
BRDA:130,36,0,-
BRDA:130,36,1,-
DA:131,0
DA:132,0
BRDA:132,37,0,-
BRDA:132,37,1,-
DA:133,0
DA:134,0
BRDA:134,38,0,-
BRDA:134,38,1,-
DA:135,0
DA:136,0
BRDA:136,39,0,-
BRDA:136,39,1,-
DA:137,0
DA:138,0
BRDA:138,40,0,-
BRDA:138,40,1,-
DA:139,0
DA:140,0
BRDA:140,41,0,-
BRDA:140,41,1,-
DA:141,0
DA:143,0
DA:146,0
FNF:2
FNH:1
LF:90
LH:1
BRF:82
BRH:0
end_of_record
TN:
SF:src/contracts/utils/PermissionlessRescuable.sol
FN:13,PermissionlessRescuable.emergencyTokenTransfer
FNDA:4,PermissionlessRescuable.emergencyTokenTransfer
DA:14,4
FN:18,PermissionlessRescuable.emergencyEtherTransfer
FNDA:2,PermissionlessRescuable.emergencyEtherTransfer
DA:19,2
FNF:2
FNH:2
LF:2
LH:2
BRF:0
BRH:0
end_of_record
TN:
SF:src/contracts/utils/Rescuable.sol
FN:15,Rescuable.onlyRescueGuardian
FNDA:8,Rescuable.onlyRescueGuardian
DA:16,8
BRDA:16,0,0,1
BRDA:16,0,1,1
FN:21,Rescuable.emergencyTokenTransfer
FNDA:2,Rescuable.emergencyTokenTransfer
DA:26,1
FN:30,Rescuable.emergencyEtherTransfer
FNDA:2,Rescuable.emergencyEtherTransfer
DA:31,1
FNF:3
FNH:3
LF:3
LH:3
BRF:2
BRH:2
end_of_record
TN:
SF:src/contracts/utils/Rescuable721.sol
FN:15,Rescuable721.emergency721TokenTransfer
FNDA:6,Rescuable721.emergency721TokenTransfer
DA:20,3
DA:22,3
FNF:1
FNH:1
LF:2
LH:2
BRF:0
BRH:0
end_of_record
TN:
SF:src/contracts/utils/RescuableBase.sol
FN:14,RescuableBase._emergencyTokenTransfer
FNDA:5,RescuableBase._emergencyTokenTransfer
DA:19,5
DA:20,5
DA:21,5
DA:23,4
FN:26,RescuableBase._emergencyEtherTransfer
FNDA:3,RescuableBase._emergencyEtherTransfer
DA:27,3
DA:28,3
BRDA:28,0,0,1
BRDA:28,0,1,2
DA:30,2
FNF:2
FNH:2
LF:7
LH:7
BRF:2
BRH:2
end_of_record
TN:
SF:src/contracts/utils/ScriptUtils.sol
FN:11,WithChainIdValidation.
FNDA:0,WithChainIdValidation.
DA:12,0
BRDA:12,0,0,-
BRDA:12,0,1,-
FN:15,WithChainIdValidation.broadcast
FNDA:0,WithChainIdValidation.broadcast
DA:16,0
DA:18,0
FN:23,EthereumScript.
FNDA:0,EthereumScript.
FN:27,OptimismScript.
FNDA:0,OptimismScript.
FN:31,ArbitrumScript.
FNDA:0,ArbitrumScript.
FN:35,PolygonScript.
FNDA:0,PolygonScript.
FN:39,AvalancheScript.
FNDA:0,AvalancheScript.
FN:43,FantomScript.
FNDA:0,FantomScript.
FN:47,HarmonyScript.
FNDA:0,HarmonyScript.
FN:51,MetisScript.
FNDA:0,MetisScript.
FN:55,BaseScript.
FNDA:0,BaseScript.
FN:59,BNBScript.
FNDA:0,BNBScript.
FN:63,GnosisScript.
FNDA:0,GnosisScript.
FN:67,ScrollScript.
FNDA:0,ScrollScript.
FN:71,PolygonZkEvmScript.
FNDA:0,PolygonZkEvmScript.
FN:75,ZkSyncScript.
FNDA:0,ZkSyncScript.
FN:79,SepoliaScript.
FNDA:0,SepoliaScript.
FN:86,Create2Utils.create2Deploy
FNDA:0,Create2Utils.create2Deploy
DA:91,0
BRDA:91,0,0,-
DA:92,0
DA:94,0
DA:96,0
BRDA:96,1,0,-
BRDA:96,1,1,-
DA:97,0
DA:99,0
DA:100,0
DA:101,0
DA:102,0
DA:103,0
BRDA:103,2,0,-
BRDA:103,2,1,-
DA:104,0
FN:108,Create2Utils.create2Deploy
FNDA:0,Create2Utils.create2Deploy
DA:109,0
BRDA:109,3,0,-
DA:110,0
DA:112,0
DA:114,0
BRDA:114,4,0,-
BRDA:114,4,1,-
DA:115,0
DA:117,0
DA:118,0
DA:119,0
DA:120,0
DA:121,0
BRDA:121,5,0,-
BRDA:121,5,1,-
DA:122,0
FN:126,Create2Utils.isContractDeployed
FNDA:0,Create2Utils.isContractDeployed
DA:127,0
FN:130,Create2Utils.computeCreate2Address
FNDA:0,Create2Utils.computeCreate2Address
DA:135,0
DA:136,0
FN:141,Create2Utils.computeCreate2Address
FNDA:0,Create2Utils.computeCreate2Address
DA:146,0
FN:149,Create2Utils.computeCreate2Address
FNDA:0,Create2Utils.computeCreate2Address
DA:154,0
FN:157,Create2Utils.addressFromLast20Bytes
FNDA:0,Create2Utils.addressFromLast20Bytes
DA:158,0
FNF:24
FNH:0
LF:31
LH:0
BRF:12
BRH:0
end_of_record
TN:
SF:test/PermissionlessRescuable.t.sol
FN:16,TestPermissionlessRescuable.
FNDA:6,TestPermissionlessRescuable.
DA:17,6
DA:18,6
FN:21,TestPermissionlessRescuable.whoShouldReceiveFunds
FNDA:1,TestPermissionlessRescuable.whoShouldReceiveFunds
DA:22,7
FN:28,TestPermissionlessRescuable.maxRescue
FNDA:0,TestPermissionlessRescuable.maxRescue
DA:31,4
BRDA:31,0,0,2
DA:32,2
DA:33,2
DA:35,2
FNF:3
FNH:2
LF:7
LH:7
BRF:1
BRH:1
end_of_record
TN:
SF:test/Rescuable.t.sol
FN:14,MockReceiverTokensContract.
FNDA:5,MockReceiverTokensContract.
DA:15,5
FN:18,MockReceiverTokensContract.whoCanRescue
FNDA:0,MockReceiverTokensContract.whoCanRescue
DA:19,4
FN:22,MockReceiverTokensContract.maxRescue
FNDA:0,MockReceiverTokensContract.maxRescue
DA:25,1
FNF:3
FNH:1
LF:3
LH:3
BRF:0
BRH:0
end_of_record
TN:
SF:test/Rescuable721.t.sol
FN:13,MockReceiver721TokensContract.
FNDA:3,MockReceiver721TokensContract.
DA:14,3
FN:17,MockReceiver721TokensContract.whoCanRescue
FNDA:0,MockReceiver721TokensContract.whoCanRescue
DA:18,6
FN:21,MockReceiver721TokensContract.maxRescue
FNDA:0,MockReceiver721TokensContract.maxRescue
DA:24,0
FNF:3
FNH:1
LF:3
LH:2
BRF:0
BRH:0
end_of_record
TN:
SF:test/UpgradeableOwnableWithGuardian.sol
FN:8,ImplOwnableWithGuardian.initialize
FNDA:6,ImplOwnableWithGuardian.initialize
DA:9,6
DA:10,6
FN:13,ImplOwnableWithGuardian.mock_onlyGuardian
FNDA:1,ImplOwnableWithGuardian.mock_onlyGuardian
FN:15,ImplOwnableWithGuardian.mock_onlyOwnerOrGuardian
FNDA:1,ImplOwnableWithGuardian.mock_onlyOwnerOrGuardian
FNF:3
FNH:3
LF:2
LH:2
BRF:0
BRH:0
end_of_record
TN:
SF:test/create3Test.t.sol
FN:12,MockContract.
FNDA:6,MockContract.
DA:13,6
DA:14,6
FN:17,MockContract.getOtherAddress
FNDA:0,MockContract.getOtherAddress
DA:18,0
FN:21,MockContract.initialize
FNDA:0,MockContract.initialize
DA:22,0
DA:23,0
FNF:3
FNH:1
LF:5
LH:2
BRF:0
BRH:0
end_of_record
